running egg_info
writing ../../build/my_robot_py/my_robot_py.egg-info/PKG-INFO
writing dependency_links to ../../build/my_robot_py/my_robot_py.egg-info/dependency_links.txt
writing entry points to ../../build/my_robot_py/my_robot_py.egg-info/entry_points.txt
writing requirements to ../../build/my_robot_py/my_robot_py.egg-info/requires.txt
writing top-level names to ../../build/my_robot_py/my_robot_py.egg-info/top_level.txt
reading manifest file '../../build/my_robot_py/my_robot_py.egg-info/SOURCES.txt'
writing manifest file '../../build/my_robot_py/my_robot_py.egg-info/SOURCES.txt'
running build
running build_py
copying my_robot_py/path_planner.py -> /root/ros2_ws/build/my_robot_py/build/lib/my_robot_py
running install
running install_lib
copying /root/ros2_ws/build/my_robot_py/build/lib/my_robot_py/path_planner.py -> /root/ros2_ws/install/my_robot_py/lib/python3.10/site-packages/my_robot_py
byte-compiling /root/ros2_ws/install/my_robot_py/lib/python3.10/site-packages/my_robot_py/path_planner.py to path_planner.cpython-310.pyc
running install_data
running install_egg_info
removing '/root/ros2_ws/install/my_robot_py/lib/python3.10/site-packages/my_robot_py-0.0.0-py3.10.egg-info' (and everything under it)
Copying ../../build/my_robot_py/my_robot_py.egg-info to /root/ros2_ws/install/my_robot_py/lib/python3.10/site-packages/my_robot_py-0.0.0-py3.10.egg-info
running install_scripts
Installing path_planner script to /root/ros2_ws/install/my_robot_py/lib/my_robot_py
writing list of installed files to '/root/ros2_ws/build/my_robot_py/install.log'
