[0.215s] Invoking command in '/root/ros2_ws/src/my_robot_py': PYTHONPATH=/root/ros2_ws/build/my_robot_py/prefix_override:/usr/lib/python3/dist-packages/colcon_core/task/python/colcon_distutils_commands:/root/ros2_ws/install/my_robot_py/lib/python3.10/site-packages:${PYTHONPATH} /usr/bin/python3 -W ignore:setup.py install is deprecated -W ignore:easy_install command is deprecated setup.py egg_info --egg-base ../../build/my_robot_py build --build-base /root/ros2_ws/build/my_robot_py/build install --record /root/ros2_ws/build/my_robot_py/install.log --single-version-externally-managed install_data
[0.289s] running egg_info
[0.289s] writing ../../build/my_robot_py/my_robot_py.egg-info/PKG-INFO
[0.290s] writing dependency_links to ../../build/my_robot_py/my_robot_py.egg-info/dependency_links.txt
[0.290s] writing entry points to ../../build/my_robot_py/my_robot_py.egg-info/entry_points.txt
[0.291s] writing requirements to ../../build/my_robot_py/my_robot_py.egg-info/requires.txt
[0.291s] writing top-level names to ../../build/my_robot_py/my_robot_py.egg-info/top_level.txt
[0.293s] reading manifest file '../../build/my_robot_py/my_robot_py.egg-info/SOURCES.txt'
[0.294s] writing manifest file '../../build/my_robot_py/my_robot_py.egg-info/SOURCES.txt'
[0.294s] running build
[0.294s] running build_py
[0.295s] copying my_robot_py/path_planner.py -> /root/ros2_ws/build/my_robot_py/build/lib/my_robot_py
[0.295s] running install
[0.296s] running install_lib
[0.296s] copying /root/ros2_ws/build/my_robot_py/build/lib/my_robot_py/path_planner.py -> /root/ros2_ws/install/my_robot_py/lib/python3.10/site-packages/my_robot_py
[0.297s] byte-compiling /root/ros2_ws/install/my_robot_py/lib/python3.10/site-packages/my_robot_py/path_planner.py to path_planner.cpython-310.pyc
[0.298s] running install_data
[0.299s] running install_egg_info
[0.299s] removing '/root/ros2_ws/install/my_robot_py/lib/python3.10/site-packages/my_robot_py-0.0.0-py3.10.egg-info' (and everything under it)
[0.300s] Copying ../../build/my_robot_py/my_robot_py.egg-info to /root/ros2_ws/install/my_robot_py/lib/python3.10/site-packages/my_robot_py-0.0.0-py3.10.egg-info
[0.305s] running install_scripts
[0.314s] Installing path_planner script to /root/ros2_ws/install/my_robot_py/lib/my_robot_py
[0.315s] writing list of installed files to '/root/ros2_ws/build/my_robot_py/install.log'
[0.326s] Invoked command in '/root/ros2_ws/src/my_robot_py' returned '0': PYTHONPATH=/root/ros2_ws/build/my_robot_py/prefix_override:/usr/lib/python3/dist-packages/colcon_core/task/python/colcon_distutils_commands:/root/ros2_ws/install/my_robot_py/lib/python3.10/site-packages:${PYTHONPATH} /usr/bin/python3 -W ignore:setup.py install is deprecated -W ignore:easy_install command is deprecated setup.py egg_info --egg-base ../../build/my_robot_py build --build-base /root/ros2_ws/build/my_robot_py/build install --record /root/ros2_ws/build/my_robot_py/install.log --single-version-externally-managed install_data
