-- Found ament_cmake: 1.3.14 (/opt/ros/humble/share/ament_cmake/cmake)
-- Found rclcpp: 16.0.19 (/opt/ros/humble/share/rclcpp/cmake)
-- Found rosidl_generator_c: 3.1.8 (/opt/ros/humble/share/rosidl_generator_c/cmake)
-- Found rosidl_adapter: 3.1.8 (/opt/ros/humble/share/rosidl_adapter/cmake)
-- Found rosidl_generator_cpp: 3.1.8 (/opt/ros/humble/share/rosidl_generator_cpp/cmake)
-- Using all available rosidl_typesupport_c: rosidl_typesupport_fastrtps_c;rosidl_typesupport_introspection_c
-- Using all available rosidl_typesupport_cpp: rosidl_typesupport_fastrtps_cpp;rosidl_typesupport_introspection_cpp
-- Found rmw_implementation_cmake: 6.1.2 (/opt/ros/humble/share/rmw_implementation_cmake/cmake)
-- Found rmw_fastrtps_cpp: 6.2.10 (/opt/ros/humble/share/rmw_fastrtps_cpp/cmake)
-- Using RMW implementation 'rmw_fastrtps_cpp' as default
-- Found ament_lint_auto: 0.12.15 (/opt/ros/humble/share/ament_lint_auto/cmake)
-- Added test 'cppcheck' to perform static code analysis on C / C++ code
-- Configured cppcheck include dirs: 
-- Configured cppcheck exclude dirs and/or files: 
-- Added test 'lint_cmake' to check CMake code style
-- Added test 'uncrustify' to check C / C++ code style
-- Configured uncrustify additional arguments: 
-- Added test 'xmllint' to check XML markup files
-- Configuring done
-- Generating done
-- Build files have been written to: /root/ros2_ws/build/my_robot_cpp
[ 50%] [32mBuilding CXX object CMakeFiles/path_planner.dir/src/path_planner.cpp.o[0m
[100%] [32m[1mLinking CXX executable path_planner[0m
[100%] Built target path_planner
-- Install configuration: ""
-- Installing: /root/ros2_ws/install/my_robot_cpp/lib/my_robot_cpp/path_planner
-- Set runtime path of "/root/ros2_ws/install/my_robot_cpp/lib/my_robot_cpp/path_planner" to ""
-- Up-to-date: /root/ros2_ws/install/my_robot_cpp/share/ament_index/resource_index/package_run_dependencies/my_robot_cpp
-- Installing: /root/ros2_ws/install/my_robot_cpp/share/ament_index/resource_index/parent_prefix_path/my_robot_cpp
-- Up-to-date: /root/ros2_ws/install/my_robot_cpp/share/my_robot_cpp/environment/ament_prefix_path.sh
-- Installing: /root/ros2_ws/install/my_robot_cpp/share/my_robot_cpp/environment/ament_prefix_path.dsv
-- Up-to-date: /root/ros2_ws/install/my_robot_cpp/share/my_robot_cpp/environment/path.sh
-- Installing: /root/ros2_ws/install/my_robot_cpp/share/my_robot_cpp/environment/path.dsv
-- Up-to-date: /root/ros2_ws/install/my_robot_cpp/share/my_robot_cpp/local_setup.bash
-- Up-to-date: /root/ros2_ws/install/my_robot_cpp/share/my_robot_cpp/local_setup.sh
-- Up-to-date: /root/ros2_ws/install/my_robot_cpp/share/my_robot_cpp/local_setup.zsh
-- Installing: /root/ros2_ws/install/my_robot_cpp/share/my_robot_cpp/local_setup.dsv
-- Installing: /root/ros2_ws/install/my_robot_cpp/share/my_robot_cpp/package.dsv
-- Up-to-date: /root/ros2_ws/install/my_robot_cpp/share/ament_index/resource_index/packages/my_robot_cpp
-- Up-to-date: /root/ros2_ws/install/my_robot_cpp/share/my_robot_cpp/cmake/my_robot_cppConfig.cmake
-- Up-to-date: /root/ros2_ws/install/my_robot_cpp/share/my_robot_cpp/cmake/my_robot_cppConfig-version.cmake
-- Up-to-date: /root/ros2_ws/install/my_robot_cpp/share/my_robot_cpp/package.xml
