[0.009s] Invoking command in '/root/ros2_ws/build/my_robot_cpp': CMAKE_PREFIX_PATH=${CMAKE_PREFIX_PATH}:/root/ros2_ws/install/my_robot_py:/opt/ros/humble /usr/bin/cmake --build /root/ros2_ws/build/my_robot_cpp -- -j8 -l8
[0.032s] -- Found ament_cmake: 1.3.14 (/opt/ros/humble/share/ament_cmake/cmake)
[0.093s] -- Found rclcpp: 16.0.19 (/opt/ros/humble/share/rclcpp/cmake)
[0.102s] -- Found rosidl_generator_c: 3.1.8 (/opt/ros/humble/share/rosidl_generator_c/cmake)
[0.102s] -- Found rosidl_adapter: 3.1.8 (/opt/ros/humble/share/rosidl_adapter/cmake)
[0.104s] -- Found rosidl_generator_cpp: 3.1.8 (/opt/ros/humble/share/rosidl_generator_cpp/cmake)
[0.113s] -- Using all available rosidl_typesupport_c: rosidl_typesupport_fastrtps_c;rosidl_typesupport_introspection_c
[0.119s] -- Using all available rosidl_typesupport_cpp: rosidl_typesupport_fastrtps_cpp;rosidl_typesupport_introspection_cpp
[0.131s] -- Found rmw_implementation_cmake: 6.1.2 (/opt/ros/humble/share/rmw_implementation_cmake/cmake)
[0.135s] -- Found rmw_fastrtps_cpp: 6.2.10 (/opt/ros/humble/share/rmw_fastrtps_cpp/cmake)
[0.178s] -- Using RMW implementation 'rmw_fastrtps_cpp' as default
[0.199s] -- Found ament_lint_auto: 0.12.15 (/opt/ros/humble/share/ament_lint_auto/cmake)
[0.241s] -- Added test 'cppcheck' to perform static code analysis on C / C++ code
[0.242s] -- Configured cppcheck include dirs: 
[0.242s] -- Configured cppcheck exclude dirs and/or files: 
[0.244s] -- Added test 'lint_cmake' to check CMake code style
[0.247s] -- Added test 'uncrustify' to check C / C++ code style
[0.248s] -- Configured uncrustify additional arguments: 
[0.249s] -- Added test 'xmllint' to check XML markup files
[0.251s] -- Configuring done
[0.267s] -- Generating done
[0.277s] -- Build files have been written to: /root/ros2_ws/build/my_robot_cpp
[0.293s] [ 50%] [32mBuilding CXX object CMakeFiles/path_planner.dir/src/path_planner.cpp.o[0m
[1.547s] [100%] [32m[1mLinking CXX executable path_planner[0m
[1.615s] [100%] Built target path_planner
[1.621s] Invoked command in '/root/ros2_ws/build/my_robot_cpp' returned '0': CMAKE_PREFIX_PATH=${CMAKE_PREFIX_PATH}:/root/ros2_ws/install/my_robot_py:/opt/ros/humble /usr/bin/cmake --build /root/ros2_ws/build/my_robot_cpp -- -j8 -l8
[1.626s] Invoking command in '/root/ros2_ws/build/my_robot_cpp': CMAKE_PREFIX_PATH=${CMAKE_PREFIX_PATH}:/root/ros2_ws/install/my_robot_py:/opt/ros/humble /usr/bin/cmake --install /root/ros2_ws/build/my_robot_cpp
[1.630s] -- Install configuration: ""
[1.631s] -- Installing: /root/ros2_ws/install/my_robot_cpp/lib/my_robot_cpp/path_planner
[1.634s] -- Set runtime path of "/root/ros2_ws/install/my_robot_cpp/lib/my_robot_cpp/path_planner" to ""
[1.635s] -- Up-to-date: /root/ros2_ws/install/my_robot_cpp/share/ament_index/resource_index/package_run_dependencies/my_robot_cpp
[1.635s] -- Installing: /root/ros2_ws/install/my_robot_cpp/share/ament_index/resource_index/parent_prefix_path/my_robot_cpp
[1.636s] -- Up-to-date: /root/ros2_ws/install/my_robot_cpp/share/my_robot_cpp/environment/ament_prefix_path.sh
[1.636s] -- Installing: /root/ros2_ws/install/my_robot_cpp/share/my_robot_cpp/environment/ament_prefix_path.dsv
[1.637s] -- Up-to-date: /root/ros2_ws/install/my_robot_cpp/share/my_robot_cpp/environment/path.sh
[1.638s] -- Installing: /root/ros2_ws/install/my_robot_cpp/share/my_robot_cpp/environment/path.dsv
[1.639s] -- Up-to-date: /root/ros2_ws/install/my_robot_cpp/share/my_robot_cpp/local_setup.bash
[1.639s] -- Up-to-date: /root/ros2_ws/install/my_robot_cpp/share/my_robot_cpp/local_setup.sh
[1.639s] -- Up-to-date: /root/ros2_ws/install/my_robot_cpp/share/my_robot_cpp/local_setup.zsh
[1.639s] -- Installing: /root/ros2_ws/install/my_robot_cpp/share/my_robot_cpp/local_setup.dsv
[1.640s] -- Installing: /root/ros2_ws/install/my_robot_cpp/share/my_robot_cpp/package.dsv
[1.641s] -- Up-to-date: /root/ros2_ws/install/my_robot_cpp/share/ament_index/resource_index/packages/my_robot_cpp
[1.642s] -- Up-to-date: /root/ros2_ws/install/my_robot_cpp/share/my_robot_cpp/cmake/my_robot_cppConfig.cmake
[1.642s] -- Up-to-date: /root/ros2_ws/install/my_robot_cpp/share/my_robot_cpp/cmake/my_robot_cppConfig-version.cmake
[1.642s] -- Up-to-date: /root/ros2_ws/install/my_robot_cpp/share/my_robot_cpp/package.xml
[1.645s] Invoked command in '/root/ros2_ws/build/my_robot_cpp' returned '0': CMAKE_PREFIX_PATH=${CMAKE_PREFIX_PATH}:/root/ros2_ws/install/my_robot_py:/opt/ros/humble /usr/bin/cmake --install /root/ros2_ws/build/my_robot_cpp
