running egg_info
creating ../../build/my_robot_py/my_robot_py.egg-info
writing ../../build/my_robot_py/my_robot_py.egg-info/PKG-INFO
writing dependency_links to ../../build/my_robot_py/my_robot_py.egg-info/dependency_links.txt
writing entry points to ../../build/my_robot_py/my_robot_py.egg-info/entry_points.txt
writing requirements to ../../build/my_robot_py/my_robot_py.egg-info/requires.txt
writing top-level names to ../../build/my_robot_py/my_robot_py.egg-info/top_level.txt
writing manifest file '../../build/my_robot_py/my_robot_py.egg-info/SOURCES.txt'
reading manifest file '../../build/my_robot_py/my_robot_py.egg-info/SOURCES.txt'
writing manifest file '../../build/my_robot_py/my_robot_py.egg-info/SOURCES.txt'
running build
running build_py
creating /root/ros2_ws/build/my_robot_py/build
creating /root/ros2_ws/build/my_robot_py/build/lib
creating /root/ros2_ws/build/my_robot_py/build/lib/my_robot_py
copying my_robot_py/__init__.py -> /root/ros2_ws/build/my_robot_py/build/lib/my_robot_py
running install
running install_lib
creating /root/ros2_ws/install/my_robot_py/lib/python3.10/site-packages/my_robot_py
copying /root/ros2_ws/build/my_robot_py/build/lib/my_robot_py/__init__.py -> /root/ros2_ws/install/my_robot_py/lib/python3.10/site-packages/my_robot_py
byte-compiling /root/ros2_ws/install/my_robot_py/lib/python3.10/site-packages/my_robot_py/__init__.py to __init__.cpython-310.pyc
running install_data
creating /root/ros2_ws/install/my_robot_py/share/ament_index
creating /root/ros2_ws/install/my_robot_py/share/ament_index/resource_index
creating /root/ros2_ws/install/my_robot_py/share/ament_index/resource_index/packages
copying resource/my_robot_py -> /root/ros2_ws/install/my_robot_py/share/ament_index/resource_index/packages
copying package.xml -> /root/ros2_ws/install/my_robot_py/share/my_robot_py
running install_egg_info
Copying ../../build/my_robot_py/my_robot_py.egg-info to /root/ros2_ws/install/my_robot_py/lib/python3.10/site-packages/my_robot_py-0.0.0-py3.10.egg-info
running install_scripts
writing list of installed files to '/root/ros2_ws/build/my_robot_py/install.log'
